<?xml version="1.0" encoding="UTF-8"?>
<!-- Generated by org.testng.reporters.JUnitXMLReporter -->
<testsuite hostname="SAYANTIKA" name="Default test" tests="3" failures="0" timestamp="8 Jun 2019 15:14:05 GMT" time="86.924" errors="0">
  <testcase name="loginButtonTest" time="21.316" classname="com.qa.testCases.LoginPageTest"/>
  <testcase name="loginPageTitleTest" time="0.316" classname="com.qa.testCases.LoginPageTest"/>
  <testcase name="loginTest" time="17.157" classname="com.qa.testCases.LoginPageTest"/>
</testsuite> <!-- Default test -->
