<?xml version="1.0" encoding="UTF-8"?>
<testng-results skipped="0" failed="0" total="3" passed="3">
  <reporter-output>
  </reporter-output>
  <suite name="Default suite" duration-ms="86924" started-at="2019-06-08T15:12:35Z" finished-at="2019-06-08T15:14:02Z">
    <groups>
    </groups>
    <test name="Default test" duration-ms="86924" started-at="2019-06-08T15:12:35Z" finished-at="2019-06-08T15:14:02Z">
      <class name="com.qa.testCases.LoginPageTest">
        <test-method status="PASS" signature="setUp()[pri:0, instance:com.qa.testCases.LoginPageTest@d041cf]" name="setUp" is-config="true" duration-ms="13012" started-at="2019-06-08T20:42:35Z" finished-at="2019-06-08T20:42:49Z">
          <reporter-output>
          </reporter-output>
        </test-method> <!-- setUp -->
        <test-method status="PASS" signature="loginButtonTest()[pri:0, instance:com.qa.testCases.LoginPageTest@d041cf]" name="loginButtonTest" duration-ms="21316" started-at="2019-06-08T20:42:49Z" finished-at="2019-06-08T20:43:10Z">
          <reporter-output>
          </reporter-output>
        </test-method> <!-- loginButtonTest -->
        <test-method status="PASS" signature="tearDown()[pri:0, instance:com.qa.testCases.LoginPageTest@d041cf]" name="tearDown" is-config="true" duration-ms="0" started-at="2019-06-08T20:43:10Z" finished-at="2019-06-08T20:43:10Z">
          <reporter-output>
          </reporter-output>
        </test-method> <!-- tearDown -->
        <test-method status="PASS" signature="setUp()[pri:0, instance:com.qa.testCases.LoginPageTest@d041cf]" name="setUp" is-config="true" duration-ms="13906" started-at="2019-06-08T20:43:10Z" finished-at="2019-06-08T20:43:24Z">
          <reporter-output>
          </reporter-output>
        </test-method> <!-- setUp -->
        <test-method status="PASS" signature="loginPageTitleTest()[pri:1, instance:com.qa.testCases.LoginPageTest@d041cf]" name="loginPageTitleTest" duration-ms="316" started-at="2019-06-08T20:43:24Z" finished-at="2019-06-08T20:43:24Z">
          <reporter-output>
          </reporter-output>
        </test-method> <!-- loginPageTitleTest -->
        <test-method status="PASS" signature="tearDown()[pri:0, instance:com.qa.testCases.LoginPageTest@d041cf]" name="tearDown" is-config="true" duration-ms="1" started-at="2019-06-08T20:43:24Z" finished-at="2019-06-08T20:43:24Z">
          <reporter-output>
          </reporter-output>
        </test-method> <!-- tearDown -->
        <test-method status="PASS" signature="setUp()[pri:0, instance:com.qa.testCases.LoginPageTest@d041cf]" name="setUp" is-config="true" duration-ms="21176" started-at="2019-06-08T20:43:24Z" finished-at="2019-06-08T20:43:45Z">
          <reporter-output>
          </reporter-output>
        </test-method> <!-- setUp -->
        <test-method status="PASS" signature="loginTest()[pri:2, instance:com.qa.testCases.LoginPageTest@d041cf]" name="loginTest" duration-ms="17157" started-at="2019-06-08T20:43:45Z" finished-at="2019-06-08T20:44:02Z">
          <reporter-output>
          </reporter-output>
        </test-method> <!-- loginTest -->
        <test-method status="PASS" signature="tearDown()[pri:0, instance:com.qa.testCases.LoginPageTest@d041cf]" name="tearDown" is-config="true" duration-ms="0" started-at="2019-06-08T20:44:02Z" finished-at="2019-06-08T20:44:02Z">
          <reporter-output>
          </reporter-output>
        </test-method> <!-- tearDown -->
      </class> <!-- com.qa.testCases.LoginPageTest -->
    </test> <!-- Default test -->
  </suite> <!-- Default suite -->
</testng-results>
